# JRE version: Java(TM) SE Runtime Environment 18.9 (11.0.20+9) (build 11.0.20+9-LTS-256)
# Java VM: Java HotSpot(TM) 64-Bit Server VM 18.9 (11.0.20+9-LTS-256, mixed mode, tiered, compressed oops, g1 gc, windows-amd64)
Heap:
 garbage-first heap   total 347136K, used 167265K [0x0000000080000000, 0x0000000100000000)
  region size 1024K, 2 young (2048K), 2 survivors (2048K)
 Metaspace       used 113241K, capacity 116640K, committed 116816K, reserved 618496K
  class space    used 14852K, capacity 16218K, committed 16332K, reserved 516096K
GC Heap History (10 events):
Event: 27.620 GC heap after
{Heap after GC invocations=73 (full 0):
 garbage-first heap   total 288768K, used 150189K [0x0000000080000000, 0x0000000100000000)
  region size 1024K, 8 young (8192K), 8 survivors (8192K)
 Metaspace       used 111972K, capacity 115228K, committed 115280K, reserved 616448K
  class space    used 14732K, capacity 16039K, committed 16076K, reserved 516096K
}
Event: 28.302 GC heap before
{Heap before GC invocations=74 (full 0):
 garbage-first heap   total 288768K, used 197293K [0x0000000080000000, 0x0000000100000000)
  region size 1024K, 56 young (57344K), 8 survivors (8192K)
 Metaspace       used 112002K, capacity 115260K, committed 115408K, reserved 616448K
  class space    used 14734K, capacity 16071K, committed 16204K, reserved 516096K
}
Event: 28.309 GC heap after
{Heap after GC invocations=75 (full 0):
 garbage-first heap   total 288768K, used 152642K [0x0000000080000000, 0x0000000100000000)
  region size 1024K, 3 young (3072K), 3 survivors (3072K)
 Metaspace       used 112002K, capacity 115260K, committed 115408K, reserved 616448K
  class space    used 14734K, capacity 16071K, committed 16204K, reserved 516096K
}
Event: 28.656 GC heap before
{Heap before GC invocations=76 (full 0):
 garbage-first heap   total 288768K, used 188482K [0x0000000080000000, 0x0000000100000000)
  region size 1024K, 32 young (32768K), 3 survivors (3072K)
 Metaspace       used 112215K, capacity 115537K, committed 115664K, reserved 616448K
  class space    used 14752K, capacity 16090K, committed 16204K, reserved 516096K
}
Event: 28.663 GC heap after
{Heap after GC invocations=77 (full 0):
 garbage-first heap   total 288768K, used 155054K [0x0000000080000000, 0x0000000100000000)
  region size 1024K, 5 young (5120K), 5 survivors (5120K)
 Metaspace       used 112215K, capacity 115537K, committed 115664K, reserved 616448K
  class space    used 14752K, capacity 16090K, committed 16204K, reserved 516096K
}
Event: 29.105 GC heap before
{Heap before GC invocations=78 (full 0):
 garbage-first heap   total 288768K, used 226734K [0x0000000080000000, 0x0000000100000000)
  region size 1024K, 65 young (66560K), 5 survivors (5120K)
 Metaspace       used 112439K, capacity 115692K, committed 115920K, reserved 616448K
  class space    used 14763K, capacity 16100K, committed 16204K, reserved 516096K
}
Event: 29.118 GC heap after
{Heap after GC invocations=79 (full 0):
 garbage-first heap   total 288768K, used 160345K [0x0000000080000000, 0x0000000100000000)
  region size 1024K, 8 young (8192K), 8 survivors (8192K)
 Metaspace       used 112439K, capacity 115692K, committed 115920K, reserved 616448K
  class space    used 14763K, capacity 16100K, committed 16204K, reserved 516096K
}
Event: 29.756 GC heap before
{Heap before GC invocations=80 (full 0):
 garbage-first heap   total 288768K, used 226905K [0x0000000080000000, 0x0000000100000000)
  region size 1024K, 70 young (71680K), 8 survivors (8192K)
 Metaspace       used 113190K, capacity 116487K, committed 116816K, reserved 618496K
  class space    used 14848K, capacity 16211K, committed 16332K, reserved 516096K
}
Event: 29.767 GC heap after
{Heap after GC invocations=81 (full 0):
 garbage-first heap   total 288768K, used 166233K [0x0000000080000000, 0x0000000100000000)
  region size 1024K, 6 young (6144K), 6 survivors (6144K)
 Metaspace       used 113190K, capacity 116487K, committed 116816K, reserved 618496K
  class space    used 14848K, capacity 16211K, committed 16332K, reserved 516096K
}
Event: 29.848 GC heap before
{Heap before GC invocations=81 (full 0):
 garbage-first heap   total 288768K, used 172377K [0x0000000080000000, 0x0000000100000000)
  region size 1024K, 14 young (14336K), 6 survivors (6144K)
 Metaspace       used 113241K, capacity 116640K, committed 116816K, reserved 618496K
  class space    used 14852K, capacity 16218K, committed 16332K, reserved 516096K
}

