# JRE version: OpenJDK Runtime Environment (17.0.6) (build 17.0.6+0-b2043.56-10027231)
# Java VM: OpenJDK 64-Bit Server VM (17.0.6+0-b2043.56-10027231, mixed mode, tiered, compressed oops, compressed class ptrs, g1 gc, windows-amd64)
GC Precious Log:
 CPUs: 12 total, 12 available
 Memory: 8013M
 Large Page Support: Disabled
 NUMA Support: Disabled
 Compressed Oops: Enabled (32-bit)
 Heap Region Size: 1M
 Heap Min Capacity: 8M
 Heap Initial Capacity: 126M
 Heap Max Capacity: 2004M
 Pre-touch: Disabled
 Parallel Workers: 10
 Concurrent Workers: 3
 Concurrent Refinement Workers: 10
 Periodic GC: Disabled
Heap:
 garbage-first heap   total 290816K, used 119211K [0x0000000082c00000, 0x0000000100000000)
  region size 1024K, 48 young (49152K), 1 survivors (1024K)
 Metaspace       used 67295K, committed 67584K, reserved 1114112K
  class space    used 7796K, committed 7936K, reserved 1048576K
GC Heap History (20 events):
Event: 7.891 GC heap before
{Heap before GC invocations=20 (full 0):
 garbage-first heap   total 73728K, used 56895K [0x0000000082c00000, 0x0000000100000000)
  region size 1024K, 16 young (16384K), 2 survivors (2048K)
 Metaspace       used 58625K, committed 58880K, reserved 1105920K
  class space    used 7045K, committed 7168K, reserved 1048576K
}
Event: 7.898 GC heap after
{Heap after GC invocations=21 (full 0):
 garbage-first heap   total 73728K, used 44847K [0x0000000082c00000, 0x0000000100000000)
  region size 1024K, 2 young (2048K), 2 survivors (2048K)
 Metaspace       used 58625K, committed 58880K, reserved 1105920K
  class space    used 7045K, committed 7168K, reserved 1048576K
}
Event: 8.741 GC heap before
{Heap before GC invocations=22 (full 0):
 garbage-first heap   total 78848K, used 58159K [0x0000000082c00000, 0x0000000100000000)
  region size 1024K, 15 young (15360K), 2 survivors (2048K)
 Metaspace       used 60211K, committed 60544K, reserved 1105920K
  class space    used 7142K, committed 7296K, reserved 1048576K
}
Event: 8.748 GC heap after
{Heap after GC invocations=23 (full 0):
 garbage-first heap   total 78848K, used 47026K [0x0000000082c00000, 0x0000000100000000)
  region size 1024K, 2 young (2048K), 2 survivors (2048K)
 Metaspace       used 60211K, committed 60544K, reserved 1105920K
  class space    used 7142K, committed 7296K, reserved 1048576K
}
Event: 9.055 GC heap before
{Heap before GC invocations=23 (full 0):
 garbage-first heap   total 78848K, used 61362K [0x0000000082c00000, 0x0000000100000000)
  region size 1024K, 17 young (17408K), 2 survivors (2048K)
 Metaspace       used 61027K, committed 61376K, reserved 1105920K
  class space    used 7199K, committed 7360K, reserved 1048576K
}
Event: 9.067 GC heap after
{Heap after GC invocations=24 (full 0):
 garbage-first heap   total 78848K, used 50176K [0x0000000082c00000, 0x0000000100000000)
  region size 1024K, 3 young (3072K), 3 survivors (3072K)
 Metaspace       used 61027K, committed 61376K, reserved 1105920K
  class space    used 7199K, committed 7360K, reserved 1048576K
}
Event: 9.219 GC heap before
{Heap before GC invocations=25 (full 0):
 garbage-first heap   total 87040K, used 63488K [0x0000000082c00000, 0x0000000100000000)
  region size 1024K, 16 young (16384K), 3 survivors (3072K)
 Metaspace       used 61180K, committed 61504K, reserved 1105920K
  class space    used 7201K, committed 7360K, reserved 1048576K
}
Event: 9.229 GC heap after
{Heap after GC invocations=26 (full 0):
 garbage-first heap   total 87040K, used 52595K [0x0000000082c00000, 0x0000000100000000)
  region size 1024K, 2 young (2048K), 2 survivors (2048K)
 Metaspace       used 61180K, committed 61504K, reserved 1105920K
  class space    used 7201K, committed 7360K, reserved 1048576K
}
Event: 9.257 GC heap before
{Heap before GC invocations=26 (full 0):
 garbage-first heap   total 87040K, used 54643K [0x0000000082c00000, 0x0000000100000000)
  region size 1024K, 4 young (4096K), 2 survivors (2048K)
 Metaspace       used 61188K, committed 61504K, reserved 1105920K
  class space    used 7201K, committed 7360K, reserved 1048576K
}
Event: 9.267 GC heap after
{Heap after GC invocations=27 (full 0):
 garbage-first heap   total 132096K, used 53148K [0x0000000082c00000, 0x0000000100000000)
  region size 1024K, 1 young (1024K), 1 survivors (1024K)
 Metaspace       used 61188K, committed 61504K, reserved 1105920K
  class space    used 7201K, committed 7360K, reserved 1048576K
}
Event: 10.028 GC heap before
{Heap before GC invocations=27 (full 0):
 garbage-first heap   total 132096K, used 96156K [0x0000000082c00000, 0x0000000100000000)
  region size 1024K, 43 young (44032K), 1 survivors (1024K)
 Metaspace       used 61976K, committed 62272K, reserved 1105920K
  class space    used 7301K, committed 7424K, reserved 1048576K
}
Event: 10.048 GC heap after
{Heap after GC invocations=28 (full 0):
 garbage-first heap   total 132096K, used 60773K [0x0000000082c00000, 0x0000000100000000)
  region size 1024K, 6 young (6144K), 6 survivors (6144K)
 Metaspace       used 61976K, committed 62272K, reserved 1105920K
  class space    used 7301K, committed 7424K, reserved 1048576K
}
Event: 10.402 GC heap before
{Heap before GC invocations=28 (full 0):
 garbage-first heap   total 132096K, used 97637K [0x0000000082c00000, 0x0000000100000000)
  region size 1024K, 42 young (43008K), 6 survivors (6144K)
 Metaspace       used 62160K, committed 62400K, reserved 1105920K
  class space    used 7307K, committed 7424K, reserved 1048576K
}
Event: 10.425 GC heap after
{Heap after GC invocations=29 (full 0):
 garbage-first heap   total 132096K, used 67228K [0x0000000082c00000, 0x0000000100000000)
  region size 1024K, 6 young (6144K), 6 survivors (6144K)
 Metaspace       used 62160K, committed 62400K, reserved 1105920K
  class space    used 7307K, committed 7424K, reserved 1048576K
}
Event: 10.785 GC heap before
{Heap before GC invocations=29 (full 0):
 garbage-first heap   total 132096K, used 101020K [0x0000000082c00000, 0x0000000100000000)
  region size 1024K, 39 young (39936K), 6 survivors (6144K)
 Metaspace       used 63147K, committed 63488K, reserved 1105920K
  class space    used 7416K, committed 7552K, reserved 1048576K
}
Event: 10.798 GC heap after
{Heap after GC invocations=30 (full 0):
 garbage-first heap   total 132096K, used 70005K [0x0000000082c00000, 0x0000000100000000)
  region size 1024K, 3 young (3072K), 3 survivors (3072K)
 Metaspace       used 63147K, committed 63488K, reserved 1105920K
  class space    used 7416K, committed 7552K, reserved 1048576K
}
Event: 11.274 GC heap before
{Heap before GC invocations=31 (full 0):
 garbage-first heap   total 145408K, used 103797K [0x0000000082c00000, 0x0000000100000000)
  region size 1024K, 36 young (36864K), 3 survivors (3072K)
 Metaspace       used 63877K, committed 64192K, reserved 1105920K
  class space    used 7489K, committed 7616K, reserved 1048576K
}
Event: 11.283 GC heap after
{Heap after GC invocations=32 (full 0):
 garbage-first heap   total 145408K, used 71249K [0x0000000082c00000, 0x0000000100000000)
  region size 1024K, 4 young (4096K), 4 survivors (4096K)
 Metaspace       used 63877K, committed 64192K, reserved 1105920K
  class space    used 7489K, committed 7616K, reserved 1048576K
}
Event: 11.298 GC heap before
{Heap before GC invocations=32 (full 0):
 garbage-first heap   total 145408K, used 74321K [0x0000000082c00000, 0x0000000100000000)
  region size 1024K, 7 young (7168K), 4 survivors (4096K)
 Metaspace       used 63887K, committed 64192K, reserved 1105920K
  class space    used 7489K, committed 7616K, reserved 1048576K
}
Event: 11.307 GC heap after
{Heap after GC invocations=33 (full 0):
 garbage-first heap   total 290816K, used 71083K [0x0000000082c00000, 0x0000000100000000)
  region size 1024K, 1 young (1024K), 1 survivors (1024K)
 Metaspace       used 63887K, committed 64192K, reserved 1105920K
  class space    used 7489K, committed 7616K, reserved 1048576K
}

