# JRE version: Java(TM) SE Runtime Environment 18.9 (11.0.20+9) (build 11.0.20+9-LTS-256)
# Java VM: Java HotSpot(TM) 64-Bit Server VM 18.9 (11.0.20+9-LTS-256, mixed mode, tiered, compressed oops, g1 gc, windows-amd64)
Heap:
 garbage-first heap   total 129024K, used 50527K [0x0000000080000000, 0x0000000100000000)
  region size 1024K, 33 young (33792K), 4 survivors (4096K)
 Metaspace       used 33347K, capacity 34146K, committed 34428K, reserved 546816K
  class space    used 4395K, capacity 4709K, committed 4812K, reserved 516096K
GC Heap History (10 events):
Event: 0.442 GC heap before
{Heap before GC invocations=0 (full 0):
 garbage-first heap   total 129024K, used 27648K [0x0000000080000000, 0x0000000100000000)
  region size 1024K, 24 young (24576K), 0 survivors (0K)
 Metaspace       used 9658K, capacity 9903K, committed 10112K, reserved 526336K
  class space    used 1007K, capacity 1069K, committed 1152K, reserved 516096K
}
Event: 0.446 GC heap after
{Heap after GC invocations=1 (full 0):
 garbage-first heap   total 129024K, used 10300K [0x0000000080000000, 0x0000000100000000)
  region size 1024K, 3 young (3072K), 3 survivors (3072K)
 Metaspace       used 9658K, capacity 9903K, committed 10112K, reserved 526336K
  class space    used 1007K, capacity 1069K, committed 1152K, reserved 516096K
}
Event: 1.632 GC heap before
{Heap before GC invocations=1 (full 0):
 garbage-first heap   total 129024K, used 85052K [0x0000000080000000, 0x0000000100000000)
  region size 1024K, 75 young (76800K), 3 survivors (3072K)
 Metaspace       used 18527K, capacity 18917K, committed 19072K, reserved 534528K
  class space    used 2164K, capacity 2310K, committed 2432K, reserved 516096K
}
Event: 1.638 GC heap after
{Heap after GC invocations=2 (full 0):
 garbage-first heap   total 129024K, used 17636K [0x0000000080000000, 0x0000000100000000)
  region size 1024K, 10 young (10240K), 10 survivors (10240K)
 Metaspace       used 18527K, capacity 18917K, committed 19072K, reserved 534528K
  class space    used 2164K, capacity 2310K, committed 2432K, reserved 516096K
}
Event: 1.868 GC heap before
{Heap before GC invocations=2 (full 0):
 garbage-first heap   total 129024K, used 36068K [0x0000000080000000, 0x0000000100000000)
  region size 1024K, 29 young (29696K), 10 survivors (10240K)
 Metaspace       used 20846K, capacity 21232K, committed 21296K, reserved 536576K
  class space    used 2520K, capacity 2686K, committed 2688K, reserved 516096K
}
Event: 1.873 GC heap after
{Heap after GC invocations=3 (full 0):
 garbage-first heap   total 129024K, used 18783K [0x0000000080000000, 0x0000000100000000)
  region size 1024K, 1 young (1024K), 1 survivors (1024K)
 Metaspace       used 20846K, capacity 21232K, committed 21296K, reserved 536576K
  class space    used 2520K, capacity 2686K, committed 2688K, reserved 516096K
}
Event: 2.208 GC heap before
{Heap before GC invocations=4 (full 0):
 garbage-first heap   total 129024K, used 62815K [0x0000000080000000, 0x0000000100000000)
  region size 1024K, 45 young (46080K), 1 survivors (1024K)
 Metaspace       used 24699K, capacity 25291K, committed 25340K, reserved 538624K
  class space    used 3157K, capacity 3382K, committed 3404K, reserved 516096K
}
Event: 2.210 GC heap after
{Heap after GC invocations=5 (full 0):
 garbage-first heap   total 129024K, used 20146K [0x0000000080000000, 0x0000000100000000)
  region size 1024K, 3 young (3072K), 3 survivors (3072K)
 Metaspace       used 24699K, capacity 25291K, committed 25340K, reserved 538624K
  class space    used 3157K, capacity 3382K, committed 3404K, reserved 516096K
}
Event: 2.637 GC heap before
{Heap before GC invocations=5 (full 0):
 garbage-first heap   total 129024K, used 70322K [0x0000000080000000, 0x0000000100000000)
  region size 1024K, 52 young (53248K), 3 survivors (3072K)
 Metaspace       used 29408K, capacity 30167K, committed 30332K, reserved 542720K
  class space    used 3899K, capacity 4209K, committed 4300K, reserved 516096K
}
Event: 2.640 GC heap after
{Heap after GC invocations=6 (full 0):
 garbage-first heap   total 129024K, used 21855K [0x0000000080000000, 0x0000000100000000)
  region size 1024K, 4 young (4096K), 4 survivors (4096K)
 Metaspace       used 29408K, capacity 30167K, committed 30332K, reserved 542720K
  class space    used 3899K, capacity 4209K, committed 4300K, reserved 516096K
}

