# JRE version: OpenJDK Runtime Environment (17.0.6) (build 17.0.6+0-b2043.56-10027231)
# Java VM: OpenJDK 64-Bit Server VM (17.0.6+0-b2043.56-10027231, mixed mode, tiered, compressed oops, compressed class ptrs, g1 gc, windows-amd64)
GC Precious Log:
 CPUs: 12 total, 12 available
 Memory: 8013M
 Large Page Support: Disabled
 NUMA Support: Disabled
 Compressed Oops: Enabled (32-bit)
 Heap Region Size: 1M
 Heap Min Capacity: 8M
 Heap Initial Capacity: 126M
 Heap Max Capacity: 2004M
 Pre-touch: Disabled
 Parallel Workers: 10
 Concurrent Workers: 3
 Concurrent Refinement Workers: 10
 Periodic GC: Disabled
Heap:
 garbage-first heap   total 81920K, used 31424K [0x0000000082c00000, 0x0000000100000000)
  region size 1024K, 6 young (6144K), 3 survivors (3072K)
 Metaspace       used 45637K, committed 45888K, reserved 1089536K
  class space    used 5482K, committed 5632K, reserved 1048576K
GC Heap History (20 events):
Event: 1.390 GC heap before
{Heap before GC invocations=0 (full 0):
 garbage-first heap   total 129024K, used 27648K [0x0000000082c00000, 0x0000000100000000)
  region size 1024K, 23 young (23552K), 0 survivors (0K)
 Metaspace       used 12961K, committed 13056K, reserved 1064960K
  class space    used 1216K, committed 1280K, reserved 1048576K
}
Event: 1.403 GC heap after
{Heap after GC invocations=1 (full 0):
 garbage-first heap   total 129024K, used 7568K [0x0000000082c00000, 0x0000000100000000)
  region size 1024K, 3 young (3072K), 3 survivors (3072K)
 Metaspace       used 12961K, committed 13056K, reserved 1064960K
  class space    used 1216K, committed 1280K, reserved 1048576K
}
Event: 2.661 GC heap before
{Heap before GC invocations=1 (full 0):
 garbage-first heap   total 129024K, used 40336K [0x0000000082c00000, 0x0000000100000000)
  region size 1024K, 35 young (35840K), 3 survivors (3072K)
 Metaspace       used 20916K, committed 21120K, reserved 1073152K
  class space    used 2268K, committed 2368K, reserved 1048576K
}
Event: 2.675 GC heap after
{Heap after GC invocations=2 (full 0):
 garbage-first heap   total 129024K, used 10865K [0x0000000082c00000, 0x0000000100000000)
  region size 1024K, 4 young (4096K), 4 survivors (4096K)
 Metaspace       used 20916K, committed 21120K, reserved 1073152K
  class space    used 2268K, committed 2368K, reserved 1048576K
}
Event: 2.713 GC heap before
{Heap before GC invocations=2 (full 0):
 garbage-first heap   total 129024K, used 11889K [0x0000000082c00000, 0x0000000100000000)
  region size 1024K, 6 young (6144K), 4 survivors (4096K)
 Metaspace       used 21291K, committed 21504K, reserved 1073152K
  class space    used 2313K, committed 2432K, reserved 1048576K
}
Event: 2.719 GC heap after
{Heap after GC invocations=3 (full 0):
 garbage-first heap   total 129024K, used 11191K [0x0000000082c00000, 0x0000000100000000)
  region size 1024K, 4 young (4096K), 4 survivors (4096K)
 Metaspace       used 21291K, committed 21504K, reserved 1073152K
  class space    used 2313K, committed 2432K, reserved 1048576K
}
Event: 3.376 GC heap before
{Heap before GC invocations=4 (full 0):
 garbage-first heap   total 45056K, used 35767K [0x0000000082c00000, 0x0000000100000000)
  region size 1024K, 25 young (25600K), 4 survivors (4096K)
 Metaspace       used 27837K, committed 28096K, reserved 1081344K
  class space    used 3040K, committed 3136K, reserved 1048576K
}
Event: 3.390 GC heap after
{Heap after GC invocations=5 (full 0):
 garbage-first heap   total 45056K, used 16903K [0x0000000082c00000, 0x0000000100000000)
  region size 1024K, 2 young (2048K), 2 survivors (2048K)
 Metaspace       used 27837K, committed 28096K, reserved 1081344K
  class space    used 3040K, committed 3136K, reserved 1048576K
}
Event: 3.424 GC heap before
{Heap before GC invocations=5 (full 0):
 garbage-first heap   total 45056K, used 17927K [0x0000000082c00000, 0x0000000100000000)
  region size 1024K, 3 young (3072K), 2 survivors (2048K)
 Metaspace       used 28114K, committed 28352K, reserved 1081344K
  class space    used 3082K, committed 3200K, reserved 1048576K
}
Event: 3.430 GC heap after
{Heap after GC invocations=6 (full 0):
 garbage-first heap   total 45056K, used 17627K [0x0000000082c00000, 0x0000000100000000)
  region size 1024K, 1 young (1024K), 1 survivors (1024K)
 Metaspace       used 28114K, committed 28352K, reserved 1081344K
  class space    used 3082K, committed 3200K, reserved 1048576K
}
Event: 4.114 GC heap before
{Heap before GC invocations=6 (full 0):
 garbage-first heap   total 45056K, used 34011K [0x0000000082c00000, 0x0000000100000000)
  region size 1024K, 17 young (17408K), 1 survivors (1024K)
 Metaspace       used 31760K, committed 32000K, reserved 1081344K
  class space    used 3821K, committed 3904K, reserved 1048576K
}
Event: 4.124 GC heap after
{Heap after GC invocations=7 (full 0):
 garbage-first heap   total 67584K, used 19344K [0x0000000082c00000, 0x0000000100000000)
  region size 1024K, 3 young (3072K), 3 survivors (3072K)
 Metaspace       used 31760K, committed 32000K, reserved 1081344K
  class space    used 3821K, committed 3904K, reserved 1048576K
}
Event: 4.922 GC heap before
{Heap before GC invocations=7 (full 0):
 garbage-first heap   total 67584K, used 43920K [0x0000000082c00000, 0x0000000100000000)
  region size 1024K, 26 young (26624K), 3 survivors (3072K)
 Metaspace       used 35823K, committed 35968K, reserved 1081344K
  class space    used 4486K, committed 4544K, reserved 1048576K
}
Event: 4.944 GC heap after
{Heap after GC invocations=8 (full 0):
 garbage-first heap   total 67584K, used 25435K [0x0000000082c00000, 0x0000000100000000)
  region size 1024K, 5 young (5120K), 5 survivors (5120K)
 Metaspace       used 35823K, committed 35968K, reserved 1081344K
  class space    used 4486K, committed 4544K, reserved 1048576K
}
Event: 5.905 GC heap before
{Heap before GC invocations=9 (full 0):
 garbage-first heap   total 67584K, used 48987K [0x0000000082c00000, 0x0000000100000000)
  region size 1024K, 29 young (29696K), 5 survivors (5120K)
 Metaspace       used 40188K, committed 40448K, reserved 1089536K
  class space    used 4961K, committed 5056K, reserved 1048576K
}
Event: 5.924 GC heap after
{Heap after GC invocations=10 (full 0):
 garbage-first heap   total 67584K, used 26302K [0x0000000082c00000, 0x0000000100000000)
  region size 1024K, 3 young (3072K), 3 survivors (3072K)
 Metaspace       used 40188K, committed 40448K, reserved 1089536K
  class space    used 4961K, committed 5056K, reserved 1048576K
}
Event: 6.148 GC heap before
{Heap before GC invocations=10 (full 0):
 garbage-first heap   total 67584K, used 26302K [0x0000000082c00000, 0x0000000100000000)
  region size 1024K, 4 young (4096K), 3 survivors (3072K)
 Metaspace       used 40386K, committed 40640K, reserved 1089536K
  class space    used 4973K, committed 5056K, reserved 1048576K
}
Event: 6.157 GC heap after
{Heap after GC invocations=11 (full 0):
 garbage-first heap   total 67584K, used 27019K [0x0000000082c00000, 0x0000000100000000)
  region size 1024K, 1 young (1024K), 1 survivors (1024K)
 Metaspace       used 40386K, committed 40640K, reserved 1089536K
  class space    used 4973K, committed 5056K, reserved 1048576K
}
Event: 7.523 GC heap before
{Heap before GC invocations=11 (full 0):
 garbage-first heap   total 67584K, used 49547K [0x0000000082c00000, 0x0000000100000000)
  region size 1024K, 24 young (24576K), 1 survivors (1024K)
 Metaspace       used 45438K, committed 45760K, reserved 1089536K
  class space    used 5461K, committed 5632K, reserved 1048576K
}
Event: 7.535 GC heap after
{Heap after GC invocations=12 (full 0):
 garbage-first heap   total 81920K, used 29376K [0x0000000082c00000, 0x0000000100000000)
  region size 1024K, 3 young (3072K), 3 survivors (3072K)
 Metaspace       used 45438K, committed 45760K, reserved 1089536K
  class space    used 5461K, committed 5632K, reserved 1048576K
}

