# JRE version: Java(TM) SE Runtime Environment 18.9 (11.0.20+9) (build 11.0.20+9-LTS-256)
# Java VM: Java HotSpot(TM) 64-Bit Server VM 18.9 (11.0.20+9-LTS-256, mixed mode, tiered, compressed oops, g1 gc, windows-amd64)
Heap:
 garbage-first heap   total 129024K, used 72535K [0x0000000080000000, 0x0000000100000000)
  region size 1024K, 52 young (53248K), 7 survivors (7168K)
 Metaspace       used 39059K, capacity 39978K, committed 40272K, reserved 550912K
  class space    used 5062K, capacity 5464K, committed 5580K, reserved 516096K
GC Heap History (10 events):
Event: 1.932 GC heap before
{Heap before GC invocations=1 (full 0):
 garbage-first heap   total 129024K, used 84308K [0x0000000080000000, 0x0000000100000000)
  region size 1024K, 75 young (76800K), 3 survivors (3072K)
 Metaspace       used 18521K, capacity 18913K, committed 19072K, reserved 534528K
  class space    used 2164K, capacity 2310K, committed 2432K, reserved 516096K
}
Event: 1.938 GC heap after
{Heap after GC invocations=2 (full 0):
 garbage-first heap   total 129024K, used 17703K [0x0000000080000000, 0x0000000100000000)
  region size 1024K, 10 young (10240K), 10 survivors (10240K)
 Metaspace       used 18521K, capacity 18913K, committed 19072K, reserved 534528K
  class space    used 2164K, capacity 2310K, committed 2432K, reserved 516096K
}
Event: 2.153 GC heap before
{Heap before GC invocations=2 (full 0):
 garbage-first heap   total 129024K, used 36135K [0x0000000080000000, 0x0000000100000000)
  region size 1024K, 29 young (29696K), 10 survivors (10240K)
 Metaspace       used 20860K, capacity 21228K, committed 21296K, reserved 536576K
  class space    used 2523K, capacity 2686K, committed 2688K, reserved 516096K
}
Event: 2.160 GC heap after
{Heap after GC invocations=3 (full 0):
 garbage-first heap   total 129024K, used 19086K [0x0000000080000000, 0x0000000100000000)
  region size 1024K, 2 young (2048K), 2 survivors (2048K)
 Metaspace       used 20860K, capacity 21228K, committed 21296K, reserved 536576K
  class space    used 2523K, capacity 2686K, committed 2688K, reserved 516096K
}
Event: 2.635 GC heap before
{Heap before GC invocations=4 (full 0):
 garbage-first heap   total 129024K, used 66190K [0x0000000080000000, 0x0000000100000000)
  region size 1024K, 48 young (49152K), 2 survivors (2048K)
 Metaspace       used 24888K, capacity 25460K, committed 25724K, reserved 538624K
  class space    used 3195K, capacity 3419K, committed 3532K, reserved 516096K
}
Event: 2.638 GC heap after
{Heap after GC invocations=5 (full 0):
 garbage-first heap   total 129024K, used 20356K [0x0000000080000000, 0x0000000100000000)
  region size 1024K, 3 young (3072K), 3 survivors (3072K)
 Metaspace       used 24888K, capacity 25460K, committed 25724K, reserved 538624K
  class space    used 3195K, capacity 3419K, committed 3532K, reserved 516096K
}
Event: 3.295 GC heap before
{Heap before GC invocations=5 (full 0):
 garbage-first heap   total 129024K, used 74628K [0x0000000080000000, 0x0000000100000000)
  region size 1024K, 56 young (57344K), 3 survivors (3072K)
 Metaspace       used 29984K, capacity 30786K, committed 30972K, reserved 542720K
  class space    used 3991K, capacity 4310K, committed 4428K, reserved 516096K
}
Event: 3.299 GC heap after
{Heap after GC invocations=6 (full 0):
 garbage-first heap   total 129024K, used 22200K [0x0000000080000000, 0x0000000100000000)
  region size 1024K, 5 young (5120K), 5 survivors (5120K)
 Metaspace       used 29984K, capacity 30786K, committed 30972K, reserved 542720K
  class space    used 3991K, capacity 4310K, committed 4428K, reserved 516096K
}
Event: 3.770 GC heap before
{Heap before GC invocations=6 (full 0):
 garbage-first heap   total 129024K, used 47800K [0x0000000080000000, 0x0000000100000000)
  region size 1024K, 31 young (31744K), 5 survivors (5120K)
 Metaspace       used 35159K, capacity 35954K, committed 36048K, reserved 548864K
  class space    used 4573K, capacity 4909K, committed 4940K, reserved 516096K
}
Event: 3.776 GC heap after
{Heap after GC invocations=7 (full 0):
 garbage-first heap   total 129024K, used 24407K [0x0000000080000000, 0x0000000100000000)
  region size 1024K, 7 young (7168K), 7 survivors (7168K)
 Metaspace       used 35159K, capacity 35954K, committed 36048K, reserved 548864K
  class space    used 4573K, capacity 4909K, committed 4940K, reserved 516096K
}

