# JRE version: OpenJDK Runtime Environment (17.0.6) (build 17.0.6+0-b2043.56-10027231)
# Java VM: OpenJDK 64-Bit Server VM (17.0.6+0-b2043.56-10027231, mixed mode, tiered, compressed oops, compressed class ptrs, g1 gc, windows-amd64)
GC Precious Log:
 CPUs: 12 total, 12 available
 Memory: 8013M
 Large Page Support: Disabled
 NUMA Support: Disabled
 Compressed Oops: Enabled (32-bit)
 Heap Region Size: 1M
 Heap Min Capacity: 8M
 Heap Initial Capacity: 126M
 Heap Max Capacity: 2G
 Pre-touch: Disabled
 Parallel Workers: 10
 Concurrent Workers: 3
 Concurrent Refinement Workers: 10
 Periodic GC: Disabled
Heap:
 garbage-first heap   total 264192K, used 179039K [0x0000000080000000, 0x0000000100000000)
  region size 1024K, 58 young (59392K), 2 survivors (2048K)
 Metaspace       used 90167K, committed 91008K, reserved 503808K
  class space    used 12193K, committed 12608K, reserved 421888K
GC Heap History (20 events):
Event: 11.044 GC heap before
{Heap before GC invocations=23 (full 0):
 garbage-first heap   total 144384K, used 108829K [0x0000000080000000, 0x0000000100000000)
  region size 1024K, 39 young (39936K), 3 survivors (3072K)
 Metaspace       used 54711K, committed 55360K, reserved 471040K
  class space    used 7383K, committed 7680K, reserved 421888K
}
Event: 11.047 GC heap after
{Heap after GC invocations=24 (full 0):
 garbage-first heap   total 144384K, used 74278K [0x0000000080000000, 0x0000000100000000)
  region size 1024K, 5 young (5120K), 5 survivors (5120K)
 Metaspace       used 54711K, committed 55360K, reserved 471040K
  class space    used 7383K, committed 7680K, reserved 421888K
}
Event: 11.086 GC heap before
{Heap before GC invocations=24 (full 0):
 garbage-first heap   total 144384K, used 75302K [0x0000000080000000, 0x0000000100000000)
  region size 1024K, 7 young (7168K), 5 survivors (5120K)
 Metaspace       used 54962K, committed 55680K, reserved 471040K
  class space    used 7419K, committed 7744K, reserved 421888K
}
Event: 11.089 GC heap after
{Heap after GC invocations=25 (full 0):
 garbage-first heap   total 144384K, used 74173K [0x0000000080000000, 0x0000000100000000)
  region size 1024K, 1 young (1024K), 1 survivors (1024K)
 Metaspace       used 54962K, committed 55680K, reserved 471040K
  class space    used 7419K, committed 7744K, reserved 421888K
}
Event: 11.897 GC heap before
{Heap before GC invocations=25 (full 0):
 garbage-first heap   total 144384K, used 110013K [0x0000000080000000, 0x0000000100000000)
  region size 1024K, 37 young (37888K), 1 survivors (1024K)
 Metaspace       used 57141K, committed 57856K, reserved 479232K
  class space    used 7705K, committed 8000K, reserved 421888K
}
Event: 11.901 GC heap after
{Heap after GC invocations=26 (full 0):
 garbage-first heap   total 144384K, used 76881K [0x0000000080000000, 0x0000000100000000)
  region size 1024K, 4 young (4096K), 4 survivors (4096K)
 Metaspace       used 57141K, committed 57856K, reserved 479232K
  class space    used 7705K, committed 8000K, reserved 421888K
}
Event: 12.346 GC heap before
{Heap before GC invocations=27 (full 0):
 garbage-first heap   total 144384K, used 122961K [0x0000000080000000, 0x0000000100000000)
  region size 1024K, 39 young (39936K), 4 survivors (4096K)
 Metaspace       used 60123K, committed 60800K, reserved 479232K
  class space    used 8072K, committed 8384K, reserved 421888K
}
Event: 12.351 GC heap after
{Heap after GC invocations=28 (full 0):
 garbage-first heap   total 144384K, used 93670K [0x0000000080000000, 0x0000000100000000)
  region size 1024K, 5 young (5120K), 5 survivors (5120K)
 Metaspace       used 60123K, committed 60800K, reserved 479232K
  class space    used 8072K, committed 8384K, reserved 421888K
}
Event: 12.374 GC heap before
{Heap before GC invocations=28 (full 0):
 garbage-first heap   total 144384K, used 94694K [0x0000000080000000, 0x0000000100000000)
  region size 1024K, 7 young (7168K), 5 survivors (5120K)
 Metaspace       used 60309K, committed 60992K, reserved 479232K
  class space    used 8102K, committed 8384K, reserved 421888K
}
Event: 12.377 GC heap after
{Heap after GC invocations=29 (full 0):
 garbage-first heap   total 264192K, used 93964K [0x0000000080000000, 0x0000000100000000)
  region size 1024K, 1 young (1024K), 1 survivors (1024K)
 Metaspace       used 60309K, committed 60992K, reserved 479232K
  class space    used 8102K, committed 8384K, reserved 421888K
}
Event: 14.865 GC heap before
{Heap before GC invocations=29 (full 0):
 garbage-first heap   total 264192K, used 198412K [0x0000000080000000, 0x0000000100000000)
  region size 1024K, 103 young (105472K), 1 survivors (1024K)
 Metaspace       used 70938K, committed 71680K, reserved 487424K
  class space    used 9644K, committed 9984K, reserved 421888K
}
Event: 14.870 GC heap after
{Heap after GC invocations=30 (full 0):
 garbage-first heap   total 264192K, used 100560K [0x0000000080000000, 0x0000000100000000)
  region size 1024K, 7 young (7168K), 7 survivors (7168K)
 Metaspace       used 70938K, committed 71680K, reserved 487424K
  class space    used 9644K, committed 9984K, reserved 421888K
}
Event: 17.698 GC heap before
{Heap before GC invocations=30 (full 0):
 garbage-first heap   total 264192K, used 202960K [0x0000000080000000, 0x0000000100000000)
  region size 1024K, 108 young (110592K), 7 survivors (7168K)
 Metaspace       used 77696K, committed 78464K, reserved 495616K
  class space    used 10665K, committed 11008K, reserved 421888K
}
Event: 17.713 GC heap after
{Heap after GC invocations=31 (full 0):
 garbage-first heap   total 264192K, used 109552K [0x0000000080000000, 0x0000000100000000)
  region size 1024K, 14 young (14336K), 14 survivors (14336K)
 Metaspace       used 77696K, committed 78464K, reserved 495616K
  class space    used 10665K, committed 11008K, reserved 421888K
}
Event: 17.841 GC heap before
{Heap before GC invocations=31 (full 0):
 garbage-first heap   total 264192K, used 130032K [0x0000000080000000, 0x0000000100000000)
  region size 1024K, 35 young (35840K), 14 survivors (14336K)
 Metaspace       used 77772K, committed 78528K, reserved 495616K
  class space    used 10667K, committed 11008K, reserved 421888K
}
Event: 17.852 GC heap after
{Heap after GC invocations=32 (full 0):
 garbage-first heap   total 264192K, used 112908K [0x0000000080000000, 0x0000000100000000)
  region size 1024K, 4 young (4096K), 4 survivors (4096K)
 Metaspace       used 77772K, committed 78528K, reserved 495616K
  class space    used 10667K, committed 11008K, reserved 421888K
}
Event: 19.069 GC heap before
{Heap before GC invocations=33 (full 0):
 garbage-first heap   total 264192K, used 210188K [0x0000000080000000, 0x0000000100000000)
  region size 1024K, 91 young (93184K), 4 survivors (4096K)
 Metaspace       used 87850K, committed 88640K, reserved 503808K
  class space    used 11864K, committed 12224K, reserved 421888K
}
Event: 19.076 GC heap after
{Heap after GC invocations=34 (full 0):
 garbage-first heap   total 264192K, used 122241K [0x0000000080000000, 0x0000000100000000)
  region size 1024K, 11 young (11264K), 11 survivors (11264K)
 Metaspace       used 87850K, committed 88640K, reserved 503808K
  class space    used 11864K, committed 12224K, reserved 421888K
}
Event: 19.089 GC heap before
{Heap before GC invocations=34 (full 0):
 garbage-first heap   total 264192K, used 123265K [0x0000000080000000, 0x0000000100000000)
  region size 1024K, 12 young (12288K), 11 survivors (11264K)
 Metaspace       used 87971K, committed 88768K, reserved 503808K
  class space    used 11881K, committed 12224K, reserved 421888K
}
Event: 19.095 GC heap after
{Heap after GC invocations=35 (full 0):
 garbage-first heap   total 264192K, used 121695K [0x0000000080000000, 0x0000000100000000)
  region size 1024K, 2 young (2048K), 2 survivors (2048K)
 Metaspace       used 87971K, committed 88768K, reserved 503808K
  class space    used 11881K, committed 12224K, reserved 421888K
}

