# JRE version: Java(TM) SE Runtime Environment 18.9 (11.0.20+9) (build 11.0.20+9-LTS-256)
# Java VM: Java HotSpot(TM) 64-Bit Server VM 18.9 (11.0.20+9-LTS-256, mixed mode, tiered, compressed oops, g1 gc, windows-amd64)
Heap:
 garbage-first heap   total 270336K, used 182232K [0x0000000080000000, 0x0000000100000000)
  region size 1024K, 73 young (74752K), 6 survivors (6144K)
 Metaspace       used 131157K, capacity 133967K, committed 134020K, reserved 634880K
  class space    used 16495K, capacity 17635K, committed 17664K, reserved 516096K
GC Heap History (10 events):
Event: 18.146 GC heap before
{Heap before GC invocations=43 (full 0):
 garbage-first heap   total 187392K, used 140355K [0x0000000080000000, 0x0000000100000000)
  region size 1024K, 53 young (54272K), 1 survivors (1024K)
 Metaspace       used 116728K, capacity 118939K, committed 119172K, reserved 620544K
  class space    used 14813K, capacity 15766K, committed 15872K, reserved 516096K
}
Event: 18.154 GC heap after
{Heap after GC invocations=44 (full 0):
 garbage-first heap   total 225280K, used 95314K [0x0000000080000000, 0x0000000100000000)
  region size 1024K, 7 young (7168K), 7 survivors (7168K)
 Metaspace       used 116728K, capacity 118939K, committed 119172K, reserved 620544K
  class space    used 14813K, capacity 15766K, committed 15872K, reserved 516096K
}
Event: 18.392 GC heap before
{Heap before GC invocations=45 (full 0):
 garbage-first heap   total 225280K, used 161874K [0x0000000080000000, 0x0000000100000000)
  region size 1024K, 71 young (72704K), 7 survivors (7168K)
 Metaspace       used 116865K, capacity 119067K, committed 119428K, reserved 620544K
  class space    used 14813K, capacity 15766K, committed 15872K, reserved 516096K
}
Event: 18.401 GC heap after
{Heap after GC invocations=46 (full 0):
 garbage-first heap   total 225280K, used 104066K [0x0000000080000000, 0x0000000100000000)
  region size 1024K, 9 young (9216K), 9 survivors (9216K)
 Metaspace       used 116865K, capacity 119067K, committed 119428K, reserved 620544K
  class space    used 14813K, capacity 15766K, committed 15872K, reserved 516096K
}
Event: 18.942 GC heap before
{Heap before GC invocations=46 (full 0):
 garbage-first heap   total 225280K, used 167554K [0x0000000080000000, 0x0000000100000000)
  region size 1024K, 71 young (72704K), 9 survivors (9216K)
 Metaspace       used 118237K, capacity 120425K, committed 120580K, reserved 622592K
  class space    used 14913K, capacity 15873K, committed 16000K, reserved 516096K
}
Event: 18.954 GC heap after
{Heap after GC invocations=47 (full 0):
 garbage-first heap   total 225280K, used 111267K [0x0000000080000000, 0x0000000100000000)
  region size 1024K, 8 young (8192K), 8 survivors (8192K)
 Metaspace       used 118237K, capacity 120425K, committed 120580K, reserved 622592K
  class space    used 14913K, capacity 15873K, committed 16000K, reserved 516096K
}
Event: 19.752 GC heap before
{Heap before GC invocations=47 (full 0):
 garbage-first heap   total 225280K, used 172707K [0x0000000080000000, 0x0000000100000000)
  region size 1024K, 68 young (69632K), 8 survivors (8192K)
 Metaspace       used 122577K, capacity 124822K, committed 124932K, reserved 626688K
  class space    used 15297K, capacity 16246K, committed 16256K, reserved 516096K
}
Event: 19.759 GC heap after
{Heap after GC invocations=48 (full 0):
 garbage-first heap   total 225280K, used 110571K [0x0000000080000000, 0x0000000100000000)
  region size 1024K, 6 young (6144K), 6 survivors (6144K)
 Metaspace       used 122577K, capacity 124822K, committed 124932K, reserved 626688K
  class space    used 15297K, capacity 16246K, committed 16256K, reserved 516096K
}
Event: 20.544 GC heap before
{Heap before GC invocations=49 (full 0):
 garbage-first heap   total 225280K, used 175083K [0x0000000080000000, 0x0000000100000000)
  region size 1024K, 69 young (70656K), 6 survivors (6144K)
 Metaspace       used 126081K, capacity 128737K, committed 129028K, reserved 630784K
  class space    used 15825K, capacity 16918K, committed 17024K, reserved 516096K
}
Event: 20.552 GC heap after
{Heap after GC invocations=50 (full 0):
 garbage-first heap   total 270336K, used 115672K [0x0000000080000000, 0x0000000100000000)
  region size 1024K, 6 young (6144K), 6 survivors (6144K)
 Metaspace       used 126081K, capacity 128737K, committed 129028K, reserved 630784K
  class space    used 15825K, capacity 16918K, committed 17024K, reserved 516096K
}

