# JRE version: Java(TM) SE Runtime Environment 18.9 (11.0.20+9) (build 11.0.20+9-LTS-256)
# Java VM: Java HotSpot(TM) 64-Bit Server VM 18.9 (11.0.20+9-LTS-256, mixed mode, tiered, compressed oops, g1 gc, windows-amd64)
Heap:
 garbage-first heap   total 155648K, used 87959K [0x0000000080000000, 0x0000000100000000)
  region size 1024K, 4 young (4096K), 4 survivors (4096K)
 Metaspace       used 105044K, capacity 106757K, committed 106800K, reserved 618496K
  class space    used 13184K, capacity 13940K, committed 13952K, reserved 516096K
GC Heap History (10 events):
Event: 12.969 GC heap before
{Heap before GC invocations=21 (full 0):
 garbage-first heap   total 155648K, used 127749K [0x0000000080000000, 0x0000000100000000)
  region size 1024K, 55 young (56320K), 3 survivors (3072K)
 Metaspace       used 93675K, capacity 95352K, committed 95664K, reserved 600064K
  class space    used 11766K, capacity 12465K, committed 12544K, reserved 516096K
}
Event: 12.973 GC heap after
{Heap after GC invocations=22 (full 0):
 garbage-first heap   total 155648K, used 75780K [0x0000000080000000, 0x0000000100000000)
  region size 1024K, 5 young (5120K), 5 survivors (5120K)
 Metaspace       used 93675K, capacity 95352K, committed 95664K, reserved 600064K
  class space    used 11766K, capacity 12465K, committed 12544K, reserved 516096K
}
Event: 13.319 GC heap before
{Heap before GC invocations=23 (full 0):
 garbage-first heap   total 155648K, used 128004K [0x0000000080000000, 0x0000000100000000)
  region size 1024K, 56 young (57344K), 5 survivors (5120K)
 Metaspace       used 99395K, capacity 101100K, committed 101168K, reserved 604160K
  class space    used 12439K, capacity 13144K, committed 13184K, reserved 516096K
}
Event: 13.323 GC heap after
{Heap after GC invocations=24 (full 0):
 garbage-first heap   total 155648K, used 76898K [0x0000000080000000, 0x0000000100000000)
  region size 1024K, 3 young (3072K), 3 survivors (3072K)
 Metaspace       used 99395K, capacity 101100K, committed 101168K, reserved 604160K
  class space    used 12439K, capacity 13144K, committed 13184K, reserved 516096K
}
Event: 13.679 GC heap before
{Heap before GC invocations=24 (full 0):
 garbage-first heap   total 155648K, used 129122K [0x0000000080000000, 0x0000000100000000)
  region size 1024K, 55 young (56320K), 3 survivors (3072K)
 Metaspace       used 102328K, capacity 103988K, committed 104112K, reserved 608256K
  class space    used 12818K, capacity 13553K, committed 13568K, reserved 516096K
}
Event: 13.684 GC heap after
{Heap after GC invocations=25 (full 0):
 garbage-first heap   total 155648K, used 80311K [0x0000000080000000, 0x0000000100000000)
  region size 1024K, 7 young (7168K), 7 survivors (7168K)
 Metaspace       used 102328K, capacity 103988K, committed 104112K, reserved 608256K
  class space    used 12818K, capacity 13553K, committed 13568K, reserved 516096K
}
Event: 13.832 GC heap before
{Heap before GC invocations=26 (full 0):
 garbage-first heap   total 155648K, used 129463K [0x0000000080000000, 0x0000000100000000)
  region size 1024K, 54 young (55296K), 7 survivors (7168K)
 Metaspace       used 102561K, capacity 104245K, committed 104368K, reserved 608256K
  class space    used 12821K, capacity 13553K, committed 13568K, reserved 516096K
}
Event: 13.838 GC heap after
{Heap after GC invocations=27 (full 0):
 garbage-first heap   total 155648K, used 84020K [0x0000000080000000, 0x0000000100000000)
  region size 1024K, 4 young (4096K), 4 survivors (4096K)
 Metaspace       used 102561K, capacity 104245K, committed 104368K, reserved 608256K
  class space    used 12821K, capacity 13553K, committed 13568K, reserved 516096K
}
Event: 14.206 GC heap before
{Heap before GC invocations=27 (full 0):
 garbage-first heap   total 155648K, used 128052K [0x0000000080000000, 0x0000000100000000)
  region size 1024K, 48 young (49152K), 4 survivors (4096K)
 Metaspace       used 105044K, capacity 106757K, committed 106800K, reserved 616448K
  class space    used 13184K, capacity 13940K, committed 13952K, reserved 516096K
}
Event: 14.211 GC heap after
{Heap after GC invocations=28 (full 0):
 garbage-first heap   total 155648K, used 87959K [0x0000000080000000, 0x0000000100000000)
  region size 1024K, 4 young (4096K), 4 survivors (4096K)
 Metaspace       used 105044K, capacity 106757K, committed 106800K, reserved 616448K
  class space    used 13184K, capacity 13940K, committed 13952K, reserved 516096K
}

